<?xml version="1.0" encoding="UTF-8"?>
<!-- Generated by org.testng.reporters.JUnitReportReporter -->
<testsuite skipped="0" hostname="SACHINN" name="cucumberOptions.TestRunner" tests="1" failures="0" timestamp="25 Feb 2019 07:10:27 GMT" time="47.470" errors="0">
  <testcase name="feature" time="47.470" classname="cucumberOptions.TestRunner"/>
</testsuite> <!-- cucumberOptions.TestRunner -->
