<?xml version="1.0" encoding="UTF-8"?>
<!-- Generated by org.testng.reporters.JUnitReportReporter -->
<testsuite hostname="SACHINN" name="SeleniumAuto.RediffHomePage" tests="1" failures="0" timestamp="15 Jan 2019 12:43:05 GMT" time="12.050" errors="0">
  <testcase name="basePageNavigation" time="12.050" classname="SeleniumAuto.RediffHomePage"/>
</testsuite> <!-- SeleniumAuto.RediffHomePage -->
