<?xml version="1.0" encoding="UTF-8"?>
<!-- Generated by org.testng.reporters.JUnitReportReporter -->
<testsuite skipped="0" hostname="SACHINN" name="SeleniumAuto.QAClickLoginPage" tests="2" failures="0" timestamp="05 Feb 2019 14:10:50 GMT" time="49.345" errors="0">
  <testcase name="qaclickLogin" time="23.734" classname="SeleniumAuto.QAClickLoginPage"/>
  <testcase name="qaclickLogin" time="25.611" classname="SeleniumAuto.QAClickLoginPage"/>
</testsuite> <!-- SeleniumAuto.QAClickLoginPage -->
