<?xml version="1.0" encoding="UTF-8"?>
<!-- Generated by org.testng.reporters.JUnitReportReporter -->
<testsuite skipped="0" hostname="SACHINN" name="SeleniumAuto.QAClickHomePage" tests="1" failures="0" timestamp="05 Feb 2019 14:10:50 GMT" time="19.241" errors="0">
  <testcase name="basePageNavigation" time="19.241" classname="SeleniumAuto.QAClickHomePage"/>
</testsuite> <!-- SeleniumAuto.QAClickHomePage -->
