<?xml version="1.0" encoding="UTF-8"?>
<!-- Generated by org.testng.reporters.JUnitReportReporter -->
<testsuite hostname="SACHINN" name="cucumberOptions.TestRunner" tests="1" failures="0" timestamp="27 Feb 2019 12:57:25 GMT" time="45.743" errors="0">
  <testcase name="feature" time="45.743" classname="cucumberOptions.TestRunner"/>
</testsuite> <!-- cucumberOptions.TestRunner -->
